Using pre-set license
Built from '2020.3/staging' branch; Version is '2020.3.23f1 (c5d91304a876) revision 12966163'; Using compiler version '192528614'; Build Type 'Release'
OS: 'Windows 10 Home; OS build 22000.376; Version 2009; 64bit' Language: 'zh' Physical Memory: 15741 MB
BatchMode: 1, IsHumanControllingUs: 0, StartBugReporterOnCrash: 0, Is64bit: 1, IsPro: 0

COMMAND LINE ARGUMENTS:
D:\MyFiles\Others\Unity\Hub\Editor\2020.3.23f1\Editor\Unity.exe
-adb2
-batchMode
-noUpm
-name
AssetImportWorker0
-projectPath
D:/MyFiles/Others/Programs/code_Cs/Final Project
-logFile
Logs/AssetImportWorker0.log
-srvPort
12047
Successfully changed project path to: D:/MyFiles/Others/Programs/code_Cs/Final Project
D:/MyFiles/Others/Programs/code_Cs/Final Project
Using Asset Import Pipeline V2.
Refreshing native plugins compatible for Editor in 39.88 ms, found 2 plugins.
Preloading 0 native plugins for Editor in 0.00 ms.
Initialize engine version: 2020.3.23f1 (c5d91304a876)
[Subsystems] Discovering subsystems at path D:/MyFiles/Others/Unity/Hub/Editor/2020.3.23f1/Editor/Data/Resources/UnitySubsystems
[Subsystems] Discovering subsystems at path D:/MyFiles/Others/Programs/code_Cs/Final Project/Assets
GfxDevice: creating device client; threaded=0
Direct3D:
    Version:  Direct3D 11.0 [level 11.1]
    Renderer: NVIDIA GeForce GTX 1660 Ti (ID=0x2191)
    Vendor:   
    VRAM:     5991 MB
    Driver:   30.0.14.9613
Initialize mono
Mono path[0] = 'D:/MyFiles/Others/Unity/Hub/Editor/2020.3.23f1/Editor/Data/Managed'
Mono path[1] = 'D:/MyFiles/Others/Unity/Hub/Editor/2020.3.23f1/Editor/Data/MonoBleedingEdge/lib/mono/unityjit'
Mono config path = 'D:/MyFiles/Others/Unity/Hub/Editor/2020.3.23f1/Editor/Data/MonoBleedingEdge/etc'
Using monoOptions --debugger-agent=transport=dt_socket,embedding=1,server=y,suspend=n,address=127.0.0.1:56768
Begin MonoManager ReloadAssembly
Registering precompiled unity dll's ...
Register platform support module: D:/MyFiles/Others/Unity/Hub/Editor/2020.3.23f1/Editor/Data/PlaybackEngines/WindowsStandaloneSupport/UnityEditor.WindowsStandalone.Extensions.dll
Registered in 0.000707 seconds.
Native extension for WindowsStandalone target not found
Refreshing native plugins compatible for Editor in 44.43 ms, found 2 plugins.
Preloading 0 native plugins for Editor in 0.00 ms.
Mono: successfully reloaded assembly
- Completed reload, in  0.520 seconds
Domain Reload Profiling:
	ReloadAssembly (520ms)
		BeginReloadAssembly (40ms)
			ExecutionOrderSort (0ms)
			DisableScriptedObjects (0ms)
			BackupInstance (0ms)
			ReleaseScriptingObjects (0ms)
			CreateAndSetChildDomain (1ms)
		EndReloadAssembly (419ms)
			LoadAssemblies (40ms)
			RebuildTransferFunctionScriptingTraits (0ms)
			SetupTypeCache (134ms)
			ReleaseScriptCaches (0ms)
			RebuildScriptCaches (29ms)
			SetupLoadedEditorAssemblies (164ms)
				LogAssemblyErrors (0ms)
				InitializePlatformSupportModulesInManaged (3ms)
				SetLoadedEditorAssemblies (0ms)
				RefreshPlugins (45ms)
				BeforeProcessingInitializeOnLoad (16ms)
				ProcessInitializeOnLoadAttributes (73ms)
				ProcessInitializeOnLoadMethodAttributes (26ms)
				AfterProcessingInitializeOnLoad (0ms)
				EditorAssembliesLoaded (0ms)
			ExecutionOrderSort2 (0ms)
			AwakeInstancesAfterBackupRestoration (0ms)
Platform modules already initialized, skipping
Registering precompiled user dll's ...
Registered in 0.002162 seconds.
Begin MonoManager ReloadAssembly
Native extension for WindowsStandalone target not found
Refreshing native plugins compatible for Editor in 0.51 ms, found 2 plugins.
Preloading 0 native plugins for Editor in 0.00 ms.
Mono: successfully reloaded assembly
- Completed reload, in  0.907 seconds
Domain Reload Profiling:
	ReloadAssembly (907ms)
		BeginReloadAssembly (123ms)
			ExecutionOrderSort (0ms)
			DisableScriptedObjects (4ms)
			BackupInstance (0ms)
			ReleaseScriptingObjects (0ms)
			CreateAndSetChildDomain (18ms)
		EndReloadAssembly (735ms)
			LoadAssemblies (68ms)
			RebuildTransferFunctionScriptingTraits (0ms)
			SetupTypeCache (261ms)
			ReleaseScriptCaches (0ms)
			RebuildScriptCaches (42ms)
			SetupLoadedEditorAssemblies (278ms)
				LogAssemblyErrors (0ms)
				InitializePlatformSupportModulesInManaged (4ms)
				SetLoadedEditorAssemblies (1ms)
				RefreshPlugins (1ms)
				BeforeProcessingInitializeOnLoad (70ms)
				ProcessInitializeOnLoadAttributes (192ms)
				ProcessInitializeOnLoadMethodAttributes (9ms)
				AfterProcessingInitializeOnLoad (2ms)
				EditorAssembliesLoaded (0ms)
			ExecutionOrderSort2 (0ms)
			AwakeInstancesAfterBackupRestoration (5ms)
Platform modules already initialized, skipping
========================================================================
Worker process is ready to serve import requests
Launched and connected shader compiler UnityShaderCompiler.exe after 0.13 seconds
Refreshing native plugins compatible for Editor in 0.47 ms, found 2 plugins.
Preloading 0 native plugins for Editor in 0.00 ms.
Unloading 1652 Unused Serialized files (Serialized files now loaded: 0)
System memory in use before: 76.6 MB.
System memory in use after: 76.7 MB.

Unloading 20 unused Assets to reduce memory usage. Loaded Objects now: 2085.
Total: 2.852200 ms (FindLiveObjects: 0.179300 ms CreateObjectMapping: 0.039600 ms MarkObjects: 2.545600 ms  DeleteObjects: 0.086400 ms)

AssetImportParameters requested are different than current active one (requested -> active):
  custom:framework-win-MediaFoundation: 216162199b28c13a410421893ffa2e32 -> 
  custom:video-decoder-ogg-theora: a1e56fd34408186e4bbccfd4996cb3dc -> 
  custom:container-muxer-webm: aa71ff27fc2769a1b78a27578f13a17b -> 
  custom:container-demuxer-webm: 4f35f7cbe854078d1ac9338744f61a02 -> 
  custom:container-demuxer-ogg: 62fdf1f143b41e24485cea50d1cbac27 -> 
  custom:video-encoder-webm-vp8: eb34c28f22e8b96e1ab97ce403110664 -> 
  custom:video-codec-MediaFoundation-h265: 746d11721c4dcdbdad8f713fa42b33f4 -> 
  custom:video-decoder-webm-vp8: 9c59270c3fd7afecdb556c50c9e8de78 -> 
  custom:audio-decoder-ogg-vorbis: bf7c407c2cedff20999df2af8eb42d56 -> 
  custom:audio-encoder-webm-vorbis: bf7c407c2cedff20999df2af8eb42d56 -> 
========================================================================
Received Import Request.
  path: Assets/Script/SyncScript.cs
  artifactKey: Guid(aa4503e250755f54aa297ff1972586bc) Importer(815301076,1909f56bfc062723c751e8b465ee728b)
Start importing Assets/Script/SyncScript.cs using Guid(aa4503e250755f54aa297ff1972586bc) Importer(815301076,1909f56bfc062723c751e8b465ee728b)  -> (artifact id: '5c563f0441d3a856af85835a52a0c4d6') in 0.184612 seconds 
  Import took 0.210026 seconds .

========================================================================
Received Import Request.
  Time since last request: 1255.252435 seconds.
  path: Assets/resources/POLYGON city pack/Prefabs/Buildings/Build_G-Left_Prefab.prefab
  artifactKey: Guid(445da40af79ed8241871555db3d63e27) Importer(815301076,1909f56bfc062723c751e8b465ee728b)
Start importing Assets/resources/POLYGON city pack/Prefabs/Buildings/Build_G-Left_Prefab.prefab using Guid(445da40af79ed8241871555db3d63e27) Importer(815301076,1909f56bfc062723c751e8b465ee728b)  -> (artifact id: '37d81007277fef449fbee571d1208afb') in 0.625137 seconds 
  Import took 0.693049 seconds .

========================================================================
Received Import Request.
  Time since last request: 0.000447 seconds.
  path: Assets/resources/POLYGON city pack/Prefabs/Buildings/Building_I_3_prefab.prefab
  artifactKey: Guid(6f3dc1314311772438667865ceda9b08) Importer(815301076,1909f56bfc062723c751e8b465ee728b)
Start importing Assets/resources/POLYGON city pack/Prefabs/Buildings/Building_I_3_prefab.prefab using Guid(6f3dc1314311772438667865ceda9b08) Importer(815301076,1909f56bfc062723c751e8b465ee728b)  -> (artifact id: 'c2ebc97c1f8935e8acd8671fab0250bf') in 0.200040 seconds 
  Import took 0.211093 seconds .

========================================================================
Received Import Request.
  Time since last request: 0.000235 seconds.
  path: Assets/resources/POLYGON city pack/Prefabs/Buildings/Building_D1_prefab.prefab
  artifactKey: Guid(f9526b7c12770f14aa830082aa6d9b45) Importer(815301076,1909f56bfc062723c751e8b465ee728b)
Start importing Assets/resources/POLYGON city pack/Prefabs/Buildings/Building_D1_prefab.prefab using Guid(f9526b7c12770f14aa830082aa6d9b45) Importer(815301076,1909f56bfc062723c751e8b465ee728b)  -> (artifact id: '32e8ff9a6d39a0c3e196709d2e952c0c') in 0.272463 seconds 
  Import took 0.295426 seconds .

========================================================================
Received Import Request.
  Time since last request: 0.000270 seconds.
  path: Assets/resources/POLYGON city pack/Prefabs/Buildings/Building_I_2_Prefab.prefab
  artifactKey: Guid(1e198ff9400b5064c816d8f779eff296) Importer(815301076,1909f56bfc062723c751e8b465ee728b)
Start importing Assets/resources/POLYGON city pack/Prefabs/Buildings/Building_I_2_Prefab.prefab using Guid(1e198ff9400b5064c816d8f779eff296) Importer(815301076,1909f56bfc062723c751e8b465ee728b)  -> (artifact id: 'ca854cca0b48b30a5fb3d7777828de37') in 0.040773 seconds 
  Import took 0.056085 seconds .

========================================================================
Received Import Request.
  Time since last request: 0.000386 seconds.
  path: Assets/resources/POLYGON city pack/Prefabs/Buildings/Building_K_prefab.prefab
  artifactKey: Guid(ac16a24c584766f4e905adc7db85b93d) Importer(815301076,1909f56bfc062723c751e8b465ee728b)
Start importing Assets/resources/POLYGON city pack/Prefabs/Buildings/Building_K_prefab.prefab using Guid(ac16a24c584766f4e905adc7db85b93d) Importer(815301076,1909f56bfc062723c751e8b465ee728b)  -> (artifact id: 'd7fe1332d3f49c4d9a6d3e3a4a7daa34') in 0.206293 seconds 
  Import took 0.226549 seconds .

========================================================================
Received Import Request.
  Time since last request: 0.000268 seconds.
  path: Assets/resources/POLYGON city pack/Prefabs/Buildings/Building_A_prefab.prefab
  artifactKey: Guid(ba33f5f0a254c9443956b40146028648) Importer(815301076,1909f56bfc062723c751e8b465ee728b)
Start importing Assets/resources/POLYGON city pack/Prefabs/Buildings/Building_A_prefab.prefab using Guid(ba33f5f0a254c9443956b40146028648) Importer(815301076,1909f56bfc062723c751e8b465ee728b)  -> (artifact id: 'aba784123cd7f52143f930772461efe4') in 0.091283 seconds 
  Import took 0.120456 seconds .

========================================================================
Received Import Request.
  Time since last request: 0.000272 seconds.
  path: Assets/resources/POLYGON city pack/Prefabs/Buildings/Building_F_prefab.prefab
  artifactKey: Guid(406aca78ed1cb18449485b10b9cffa85) Importer(815301076,1909f56bfc062723c751e8b465ee728b)
Start importing Assets/resources/POLYGON city pack/Prefabs/Buildings/Building_F_prefab.prefab using Guid(406aca78ed1cb18449485b10b9cffa85) Importer(815301076,1909f56bfc062723c751e8b465ee728b)  -> (artifact id: '63686c4b453f235af2aad51c9bb304a4') in 0.049961 seconds 
  Import took 0.054229 seconds .

========================================================================
Received Import Request.
  Time since last request: 0.000258 seconds.
  path: Assets/resources/POLYGON city pack/Prefabs/Buildings/Building_I_1_prefab.prefab
  artifactKey: Guid(931ecb32d754b3f40afc9a688c8cea66) Importer(815301076,1909f56bfc062723c751e8b465ee728b)
Start importing Assets/resources/POLYGON city pack/Prefabs/Buildings/Building_I_1_prefab.prefab using Guid(931ecb32d754b3f40afc9a688c8cea66) Importer(815301076,1909f56bfc062723c751e8b465ee728b)  -> (artifact id: '02d50a1331ab3073512ff800a97fda24') in 0.073691 seconds 
  Import took 0.089459 seconds .

========================================================================
Received Import Request.
  Time since last request: 0.000227 seconds.
  path: Assets/resources/POLYGON city pack/Prefabs/Buildings/Building_O_PREFAB.prefab
  artifactKey: Guid(4410dff019705d648959a9ceea02bfbb) Importer(815301076,1909f56bfc062723c751e8b465ee728b)
Start importing Assets/resources/POLYGON city pack/Prefabs/Buildings/Building_O_PREFAB.prefab using Guid(4410dff019705d648959a9ceea02bfbb) Importer(815301076,1909f56bfc062723c751e8b465ee728b)  -> (artifact id: 'ebc568eae33a0fccc74ff56fa068ea69') in 0.141738 seconds 
  Import took 0.159090 seconds .

========================================================================
Received Import Request.
  Time since last request: 0.000221 seconds.
  path: Assets/resources/POLYGON city pack/Prefabs/Buildings/Building_B1_prefab.prefab
  artifactKey: Guid(a60988b24f8ff094ba511054edf48a9d) Importer(815301076,1909f56bfc062723c751e8b465ee728b)
Start importing Assets/resources/POLYGON city pack/Prefabs/Buildings/Building_B1_prefab.prefab using Guid(a60988b24f8ff094ba511054edf48a9d) Importer(815301076,1909f56bfc062723c751e8b465ee728b)  -> (artifact id: 'a82a4093cbc239588cdcb6cdc1be262f') in 0.039343 seconds 
  Import took 0.172768 seconds .

========================================================================
Received Import Request.
  Time since last request: 0.000227 seconds.
  path: Assets/resources/POLYGON city pack/Prefabs/Buildings/Building_M_prefab.prefab
  artifactKey: Guid(84bb406b82cecb24cb1ffe5d4359339d) Importer(815301076,1909f56bfc062723c751e8b465ee728b)
Start importing Assets/resources/POLYGON city pack/Prefabs/Buildings/Building_M_prefab.prefab using Guid(84bb406b82cecb24cb1ffe5d4359339d) Importer(815301076,1909f56bfc062723c751e8b465ee728b)  -> (artifact id: 'cd032732bdad27ca77434827b4402321') in 0.083071 seconds 
  Import took 0.099248 seconds .

========================================================================
Received Import Request.
  Time since last request: 0.000233 seconds.
  path: Assets/resources/POLYGON city pack/Prefabs/Buildings/Building_H_prefab.prefab
  artifactKey: Guid(c8c7944afbb63f548bf2b2bddd8a848f) Importer(815301076,1909f56bfc062723c751e8b465ee728b)
Start importing Assets/resources/POLYGON city pack/Prefabs/Buildings/Building_H_prefab.prefab using Guid(c8c7944afbb63f548bf2b2bddd8a848f) Importer(815301076,1909f56bfc062723c751e8b465ee728b)  -> (artifact id: 'ad8729a243e746e47fff5f2d036e84d2') in 0.083479 seconds 
  Import took 0.088705 seconds .

========================================================================
Received Import Request.
  Time since last request: 0.000265 seconds.
  path: Assets/resources/POLYGON city pack/Prefabs/Buildings/Building_R_Prefab.prefab
  artifactKey: Guid(332e08e35cda1b84e8c36c123299b8ac) Importer(815301076,1909f56bfc062723c751e8b465ee728b)
Start importing Assets/resources/POLYGON city pack/Prefabs/Buildings/Building_R_Prefab.prefab using Guid(332e08e35cda1b84e8c36c123299b8ac) Importer(815301076,1909f56bfc062723c751e8b465ee728b)  -> (artifact id: '15e515146bbe23d850fecd3caa84e8b2') in 0.041648 seconds 
  Import took 0.056128 seconds .

========================================================================
Received Import Request.
  Time since last request: 0.000258 seconds.
  path: Assets/resources/POLYGON city pack/Prefabs/Buildings/Building_A1_prefab.prefab
  artifactKey: Guid(562df8355904213468a690c4ce6740b6) Importer(815301076,1909f56bfc062723c751e8b465ee728b)
Start importing Assets/resources/POLYGON city pack/Prefabs/Buildings/Building_A1_prefab.prefab using Guid(562df8355904213468a690c4ce6740b6) Importer(815301076,1909f56bfc062723c751e8b465ee728b)  -> (artifact id: 'fe53d0fede24184b3eb6858383feec68') in 0.052434 seconds 
  Import took 0.056005 seconds .

========================================================================
Received Import Request.
  Time since last request: 0.000306 seconds.
  path: Assets/resources/POLYGON city pack/Prefabs/Buildings/Building_p_prefab.prefab
  artifactKey: Guid(cb91b3980066872409d19e753a241063) Importer(815301076,1909f56bfc062723c751e8b465ee728b)
Start importing Assets/resources/POLYGON city pack/Prefabs/Buildings/Building_p_prefab.prefab using Guid(cb91b3980066872409d19e753a241063) Importer(815301076,1909f56bfc062723c751e8b465ee728b)  -> (artifact id: 'bcc032b2db7acf5995f8207d70d0f71a') in 0.038881 seconds 
  Import took 0.044533 seconds .

========================================================================
Received Import Request.
  Time since last request: 0.000271 seconds.
  path: Assets/resources/POLYGON city pack/Prefabs/Buildings/Building_C1_prefab.prefab
  artifactKey: Guid(1fbdccb55fd15bc4f92646bd818aca51) Importer(815301076,1909f56bfc062723c751e8b465ee728b)
Start importing Assets/resources/POLYGON city pack/Prefabs/Buildings/Building_C1_prefab.prefab using Guid(1fbdccb55fd15bc4f92646bd818aca51) Importer(815301076,1909f56bfc062723c751e8b465ee728b)  -> (artifact id: 'fae6231dad2b48101a978a4daa64224d') in 0.038897 seconds 
  Import took 0.043443 seconds .

========================================================================
Received Import Request.
  Time since last request: 0.000348 seconds.
  path: Assets/resources/POLYGON city pack/Prefabs/Buildings/Building_N_Prefab.prefab
  artifactKey: Guid(bbad862e7e06efe4a8ad0346a53e3cde) Importer(815301076,1909f56bfc062723c751e8b465ee728b)
Start importing Assets/resources/POLYGON city pack/Prefabs/Buildings/Building_N_Prefab.prefab using Guid(bbad862e7e06efe4a8ad0346a53e3cde) Importer(815301076,1909f56bfc062723c751e8b465ee728b)  -> (artifact id: 'c44a3cfcfd83fc78c00a640b42d25cc0') in 0.090988 seconds 
  Import took 0.094576 seconds .

========================================================================
Received Import Request.
  Time since last request: 0.000237 seconds.
  path: Assets/resources/POLYGON city pack/Prefabs/Buildings/Building_Q_prefab.prefab
  artifactKey: Guid(984e7c3587655ac489a642619bb3ef24) Importer(815301076,1909f56bfc062723c751e8b465ee728b)
Start importing Assets/resources/POLYGON city pack/Prefabs/Buildings/Building_Q_prefab.prefab using Guid(984e7c3587655ac489a642619bb3ef24) Importer(815301076,1909f56bfc062723c751e8b465ee728b)  -> (artifact id: '40fcabd13fc34277603b06536f5042cd') in 0.032183 seconds 
  Import took 0.035450 seconds .

========================================================================
Received Import Request.
  Time since last request: 0.000258 seconds.
  path: Assets/resources/POLYGON city pack/Prefabs/Buildings/Building_u_prefab.prefab
  artifactKey: Guid(150fadf88f51c2b4b9b7b62af8d39db9) Importer(815301076,1909f56bfc062723c751e8b465ee728b)
Start importing Assets/resources/POLYGON city pack/Prefabs/Buildings/Building_u_prefab.prefab using Guid(150fadf88f51c2b4b9b7b62af8d39db9) Importer(815301076,1909f56bfc062723c751e8b465ee728b)  -> (artifact id: '19bc8c858e036fcb3d12e62c671249f9') in 0.036265 seconds 
  Import took 0.039643 seconds .

========================================================================
Received Import Request.
  Time since last request: 0.000228 seconds.
  path: Assets/resources/POLYGON city pack/Prefabs/Buildings/Building_W_prefab.prefab
  artifactKey: Guid(daa1a100f65deb34787ae1bb55d44a76) Importer(815301076,1909f56bfc062723c751e8b465ee728b)
Start importing Assets/resources/POLYGON city pack/Prefabs/Buildings/Building_W_prefab.prefab using Guid(daa1a100f65deb34787ae1bb55d44a76) Importer(815301076,1909f56bfc062723c751e8b465ee728b)  -> (artifact id: '9e88c9f60f3b3b22126357c72fc0c3a6') in 0.050652 seconds 
  Import took 0.054515 seconds .

========================================================================
Received Import Request.
  Time since last request: 0.000363 seconds.
  path: Assets/resources/POLYGON city pack/Prefabs/Buildings/Building_Y_prefab.prefab
  artifactKey: Guid(b62a88683020bad4f88cd9c883281901) Importer(815301076,1909f56bfc062723c751e8b465ee728b)
Start importing Assets/resources/POLYGON city pack/Prefabs/Buildings/Building_Y_prefab.prefab using Guid(b62a88683020bad4f88cd9c883281901) Importer(815301076,1909f56bfc062723c751e8b465ee728b)  -> (artifact id: '61b13f057cdd9afee38c05324801b7f9') in 0.046365 seconds 
  Import took 0.063527 seconds .

========================================================================
Received Import Request.
  Time since last request: 0.000232 seconds.
  path: Assets/resources/POLYGON city pack/Prefabs/Buildings/building_X_prefab.prefab
  artifactKey: Guid(1c6290f76fd11c74fa326bdf8cd95a9f) Importer(815301076,1909f56bfc062723c751e8b465ee728b)
Start importing Assets/resources/POLYGON city pack/Prefabs/Buildings/building_X_prefab.prefab using Guid(1c6290f76fd11c74fa326bdf8cd95a9f) Importer(815301076,1909f56bfc062723c751e8b465ee728b)  -> (artifact id: '301de41a0a47a2120f8f16be28419018') in 0.052840 seconds 
  Import took 0.077632 seconds .

========================================================================
Received Import Request.
  Time since last request: 0.000231 seconds.
  path: Assets/resources/POLYGON city pack/Prefabs/Buildings/Gas_station_A_PREFAB.prefab
  artifactKey: Guid(01bbe20c855564648b02e0092e511cac) Importer(815301076,1909f56bfc062723c751e8b465ee728b)
Start importing Assets/resources/POLYGON city pack/Prefabs/Buildings/Gas_station_A_PREFAB.prefab using Guid(01bbe20c855564648b02e0092e511cac) Importer(815301076,1909f56bfc062723c751e8b465ee728b)  -> (artifact id: 'd70aebafdbcd8f1b15e067b7891ab8d5') in 0.126613 seconds 
  Import took 0.129586 seconds .

========================================================================
Received Import Request.
  Time since last request: 0.000230 seconds.
  path: Assets/resources/POLYGON city pack/Prefabs/Buildings/Car_repair_prefab.prefab
  artifactKey: Guid(9094aa5ae2e324346997aa2ea9ad7930) Importer(815301076,1909f56bfc062723c751e8b465ee728b)
Start importing Assets/resources/POLYGON city pack/Prefabs/Buildings/Car_repair_prefab.prefab using Guid(9094aa5ae2e324346997aa2ea9ad7930) Importer(815301076,1909f56bfc062723c751e8b465ee728b)  -> (artifact id: '4d78a6e95f94045c9175f87a45b4c8a0') in 0.149130 seconds 
  Import took 0.163070 seconds .

========================================================================
Received Import Request.
  Time since last request: 0.000277 seconds.
  path: Assets/resources/POLYGON city pack/Prefabs/Buildings/Building_V_prefab.prefab
  artifactKey: Guid(95aaceaac899f9a47aea3a9744ce9c20) Importer(815301076,1909f56bfc062723c751e8b465ee728b)
Start importing Assets/resources/POLYGON city pack/Prefabs/Buildings/Building_V_prefab.prefab using Guid(95aaceaac899f9a47aea3a9744ce9c20) Importer(815301076,1909f56bfc062723c751e8b465ee728b)  -> (artifact id: 'ba612bea4b3aa44221d0ed8d54cb873b') in 0.040857 seconds 
  Import took 0.057487 seconds .

========================================================================
Received Import Request.
  Time since last request: 0.000233 seconds.
  path: Assets/resources/POLYGON city pack/Prefabs/Buildings/Building_S_prefab.prefab
  artifactKey: Guid(c637a821140f92a4dbb62e352cf8f140) Importer(815301076,1909f56bfc062723c751e8b465ee728b)
Start importing Assets/resources/POLYGON city pack/Prefabs/Buildings/Building_S_prefab.prefab using Guid(c637a821140f92a4dbb62e352cf8f140) Importer(815301076,1909f56bfc062723c751e8b465ee728b)  -> (artifact id: 'dfa9ba2c4dfb5ee1d733d1b7dafad406') in 0.027559 seconds 
  Import took 0.031856 seconds .

========================================================================
Received Import Request.
  Time since last request: 0.000233 seconds.
  path: Assets/resources/POLYGON city pack/Prefabs/Buildings/Building_B_prefab.prefab
  artifactKey: Guid(62788775cce139e4abe5fdd7071ead29) Importer(815301076,1909f56bfc062723c751e8b465ee728b)
Start importing Assets/resources/POLYGON city pack/Prefabs/Buildings/Building_B_prefab.prefab using Guid(62788775cce139e4abe5fdd7071ead29) Importer(815301076,1909f56bfc062723c751e8b465ee728b)  -> (artifact id: 'b6308c7b3bd68188b4d25a3a695cc43f') in 0.056942 seconds 
  Import took 0.061890 seconds .

========================================================================
Received Import Request.
  Time since last request: 0.000260 seconds.
  path: Assets/resources/POLYGON city pack/Prefabs/Buildings/Build_G-right_Prefab.prefab
  artifactKey: Guid(19427fc607e7e5645a1f1fe831d3add4) Importer(815301076,1909f56bfc062723c751e8b465ee728b)
Start importing Assets/resources/POLYGON city pack/Prefabs/Buildings/Build_G-right_Prefab.prefab using Guid(19427fc607e7e5645a1f1fe831d3add4) Importer(815301076,1909f56bfc062723c751e8b465ee728b)  -> (artifact id: 'fe0591bd7df7fedc3cd10eb693a0ac79') in 0.041935 seconds 
  Import took 0.044657 seconds .

========================================================================
Received Import Request.
  Time since last request: 0.000247 seconds.
  path: Assets/resources/POLYGON city pack/Prefabs/Buildings/Building_J_prefab.prefab
  artifactKey: Guid(7d569c6acdec3c2428d7b39889d89720) Importer(815301076,1909f56bfc062723c751e8b465ee728b)
Start importing Assets/resources/POLYGON city pack/Prefabs/Buildings/Building_J_prefab.prefab using Guid(7d569c6acdec3c2428d7b39889d89720) Importer(815301076,1909f56bfc062723c751e8b465ee728b)  -> (artifact id: 'becf1bc1c6f31b573d94e8080dc9b916') in 0.050026 seconds 
  Import took 0.061683 seconds .

========================================================================
Received Import Request.
  Time since last request: 0.000196 seconds.
  path: Assets/resources/POLYGON city pack/Prefabs/Buildings/Fire_department_prefab.prefab
  artifactKey: Guid(7eb437ce89e76c640809f70f15bde317) Importer(815301076,1909f56bfc062723c751e8b465ee728b)
Start importing Assets/resources/POLYGON city pack/Prefabs/Buildings/Fire_department_prefab.prefab using Guid(7eb437ce89e76c640809f70f15bde317) Importer(815301076,1909f56bfc062723c751e8b465ee728b)  -> (artifact id: '00da5450188f01f94bb9c162b7ed9a05') in 0.119992 seconds 
  Import took 0.124999 seconds .

========================================================================
Received Import Request.
  Time since last request: 0.000343 seconds.
  path: Assets/resources/POLYGON city pack/Prefabs/Buildings/Build_G-middle_Prefab.prefab
  artifactKey: Guid(ebaffde1b4ae7fb47849063a9a520747) Importer(815301076,1909f56bfc062723c751e8b465ee728b)
Start importing Assets/resources/POLYGON city pack/Prefabs/Buildings/Build_G-middle_Prefab.prefab using Guid(ebaffde1b4ae7fb47849063a9a520747) Importer(815301076,1909f56bfc062723c751e8b465ee728b)  -> (artifact id: '36143758aebd715989800d74e382fb08') in 0.040513 seconds 
  Import took 0.056737 seconds .

========================================================================
Received Import Request.
  Time since last request: 0.000237 seconds.
  path: Assets/resources/POLYGON city pack/Prefabs/Buildings/Building_D_prefab.prefab
  artifactKey: Guid(7df26aa64e4b3fc48933a809e1a48078) Importer(815301076,1909f56bfc062723c751e8b465ee728b)
Start importing Assets/resources/POLYGON city pack/Prefabs/Buildings/Building_D_prefab.prefab using Guid(7df26aa64e4b3fc48933a809e1a48078) Importer(815301076,1909f56bfc062723c751e8b465ee728b)  -> (artifact id: '3d545215c41bc7792a15d04ed804f4a1') in 0.042697 seconds 
  Import took 0.052537 seconds .

========================================================================
Received Import Request.
  Time since last request: 0.000358 seconds.
  path: Assets/resources/POLYGON city pack/Prefabs/Buildings/Building_Z_Prefab.prefab
  artifactKey: Guid(a6cd0c657da915144bd367d385c0fc31) Importer(815301076,1909f56bfc062723c751e8b465ee728b)
Start importing Assets/resources/POLYGON city pack/Prefabs/Buildings/Building_Z_Prefab.prefab using Guid(a6cd0c657da915144bd367d385c0fc31) Importer(815301076,1909f56bfc062723c751e8b465ee728b)  -> (artifact id: '0b44affa1efd5c4f41e6138fc405a792') in 0.051515 seconds 
  Import took 0.062260 seconds .

========================================================================
Received Import Request.
  Time since last request: 0.000356 seconds.
  path: Assets/resources/POLYGON city pack/Prefabs/Buildings/Bulding_C_prefab 1.prefab
  artifactKey: Guid(80f1713dca16e654abd9002f6e9f5627) Importer(815301076,1909f56bfc062723c751e8b465ee728b)
Start importing Assets/resources/POLYGON city pack/Prefabs/Buildings/Bulding_C_prefab 1.prefab using Guid(80f1713dca16e654abd9002f6e9f5627) Importer(815301076,1909f56bfc062723c751e8b465ee728b)  -> (artifact id: '75ea8e743fc963ec45360fd4a8c740bc') in 0.081713 seconds 
  Import took 0.086227 seconds .

========================================================================
Received Import Request.
  Time since last request: 0.000367 seconds.
  path: Assets/resources/POLYGON city pack/Prefabs/Buildings/Building_T_prefab.prefab
  artifactKey: Guid(90045d2ccf59b6f45afd8bab908bb038) Importer(815301076,1909f56bfc062723c751e8b465ee728b)
Start importing Assets/resources/POLYGON city pack/Prefabs/Buildings/Building_T_prefab.prefab using Guid(90045d2ccf59b6f45afd8bab908bb038) Importer(815301076,1909f56bfc062723c751e8b465ee728b)  -> (artifact id: 'a86272f43622c243e968996a2b3888e6') in 0.033665 seconds 
  Import took 0.036997 seconds .

========================================================================
Received Import Request.
  Time since last request: 0.000371 seconds.
  path: Assets/resources/POLYGON city pack/Prefabs/Buildings/Building_E_prefab.prefab
  artifactKey: Guid(5b71bcfe27faa8a4a9ec939bb5377114) Importer(815301076,1909f56bfc062723c751e8b465ee728b)
Start importing Assets/resources/POLYGON city pack/Prefabs/Buildings/Building_E_prefab.prefab using Guid(5b71bcfe27faa8a4a9ec939bb5377114) Importer(815301076,1909f56bfc062723c751e8b465ee728b)  -> (artifact id: '124ffd4374240f15fdb5655fc76f35d1') in 0.100565 seconds 
  Import took 0.103408 seconds .

========================================================================
Received Import Request.
  Time since last request: 0.000226 seconds.
  path: Assets/resources/POLYGON city pack/Prefabs/Buildings/Motel_prefab.prefab
  artifactKey: Guid(d9ae8f6b23fb5a54584fb5b5ada007dc) Importer(815301076,1909f56bfc062723c751e8b465ee728b)
Start importing Assets/resources/POLYGON city pack/Prefabs/Buildings/Motel_prefab.prefab using Guid(d9ae8f6b23fb5a54584fb5b5ada007dc) Importer(815301076,1909f56bfc062723c751e8b465ee728b)  -> (artifact id: '7536470e094a4ccc7da5ec8dd414f58f') in 0.055717 seconds 
  Import took 0.059581 seconds .

========================================================================
Received Import Request.
  Time since last request: 0.000240 seconds.
  path: Assets/resources/POLYGON city pack/Prefabs/Buildings/Hospital_prefab.prefab
  artifactKey: Guid(03f4debef6f82ef43b174ff67987c532) Importer(815301076,1909f56bfc062723c751e8b465ee728b)
Start importing Assets/resources/POLYGON city pack/Prefabs/Buildings/Hospital_prefab.prefab using Guid(03f4debef6f82ef43b174ff67987c532) Importer(815301076,1909f56bfc062723c751e8b465ee728b)  -> (artifact id: 'a3c04aa12c52af448ad9c6c84ac8b8c0') in 0.046676 seconds 
  Import took 0.050012 seconds .

========================================================================
Received Import Request.
  Time since last request: 0.000312 seconds.
  path: Assets/resources/POLYGON city pack/Prefabs/Buildings/Shop_A_prefab.prefab
  artifactKey: Guid(49e4fbb0397806849a4871cd85eaca26) Importer(815301076,1909f56bfc062723c751e8b465ee728b)
Start importing Assets/resources/POLYGON city pack/Prefabs/Buildings/Shop_A_prefab.prefab using Guid(49e4fbb0397806849a4871cd85eaca26) Importer(815301076,1909f56bfc062723c751e8b465ee728b)  -> (artifact id: '7a8b19705966b04f2b4eab9c071771da') in 0.113645 seconds 
  Import took 0.118321 seconds .

========================================================================
Received Import Request.
  Time since last request: 0.000203 seconds.
  path: Assets/resources/POLYGON city pack/Prefabs/Buildings/Shop_B_prefab.prefab
  artifactKey: Guid(9a52ba64c3a0abf49ad9515917ade04b) Importer(815301076,1909f56bfc062723c751e8b465ee728b)
Start importing Assets/resources/POLYGON city pack/Prefabs/Buildings/Shop_B_prefab.prefab using Guid(9a52ba64c3a0abf49ad9515917ade04b) Importer(815301076,1909f56bfc062723c751e8b465ee728b)  -> (artifact id: '153ad4408bcdb4d0d2b0ef62b21f20d7') in 0.265795 seconds 
  Import took 0.286855 seconds .

========================================================================
Received Import Request.
  Time since last request: 0.000379 seconds.
  path: Assets/resources/POLYGON city pack/Prefabs/Buildings/Parking_checkOut_prefab.prefab
  artifactKey: Guid(b8c04fd14b199f34a802353a72a0af44) Importer(815301076,1909f56bfc062723c751e8b465ee728b)
Start importing Assets/resources/POLYGON city pack/Prefabs/Buildings/Parking_checkOut_prefab.prefab using Guid(b8c04fd14b199f34a802353a72a0af44) Importer(815301076,1909f56bfc062723c751e8b465ee728b)  -> (artifact id: 'cc8674379a3352550030936d175f4a74') in 0.042476 seconds 
  Import took 0.046110 seconds .

========================================================================
Received Import Request.
  Time since last request: 1.540944 seconds.
  path: Assets/resources/POLYGON city pack/Prefabs/Buildings/Shop_C_prefab.prefab
  artifactKey: Guid(1b917d070ca78d8458d7db3681a2c913) Importer(815301076,1909f56bfc062723c751e8b465ee728b)
Start importing Assets/resources/POLYGON city pack/Prefabs/Buildings/Shop_C_prefab.prefab using Guid(1b917d070ca78d8458d7db3681a2c913) Importer(815301076,1909f56bfc062723c751e8b465ee728b)  -> (artifact id: 'dc4c7be8d0028899b453b6663c1b8449') in 0.151547 seconds 
  Import took 0.165812 seconds .

========================================================================
Received Import Request.
  Time since last request: 0.000358 seconds.
  path: Assets/resources/POLYGON city pack/Prefabs/Buildings/Supermaket_prefab.prefab
  artifactKey: Guid(c6e50eec7153f5b45ac3917fb6cfd06a) Importer(815301076,1909f56bfc062723c751e8b465ee728b)
Start importing Assets/resources/POLYGON city pack/Prefabs/Buildings/Supermaket_prefab.prefab using Guid(c6e50eec7153f5b45ac3917fb6cfd06a) Importer(815301076,1909f56bfc062723c751e8b465ee728b)  -> (artifact id: '5230d25d79882f95fa663e93c2e5758b') in 0.053734 seconds 
  Import took 0.058418 seconds .

========================================================================
Received Import Request.
  Time since last request: 201.453672 seconds.
  path: Assets/resources/Tarbo-CITY/Materials/Floor.mat
  artifactKey: Guid(5fd138741043b5a418c7869735a2c88c) Importer(815301076,1909f56bfc062723c751e8b465ee728b)
Start importing Assets/resources/Tarbo-CITY/Materials/Floor.mat using Guid(5fd138741043b5a418c7869735a2c88c) Importer(815301076,1909f56bfc062723c751e8b465ee728b)  -> (artifact id: 'e87c9ceb32f288cc6b041d8ca572041d') in 0.566768 seconds 
  Import took 0.593957 seconds .

========================================================================
Received Import Request.
  Time since last request: 0.000286 seconds.
  path: Assets/resources/Tarbo-CITY/Materials/Tarbo_CITY.mat
  artifactKey: Guid(7846323804921cb429fa82552991a231) Importer(815301076,1909f56bfc062723c751e8b465ee728b)
Start importing Assets/resources/Tarbo-CITY/Materials/Tarbo_CITY.mat using Guid(7846323804921cb429fa82552991a231) Importer(815301076,1909f56bfc062723c751e8b465ee728b)  -> (artifact id: '07064e56f6fbe77a0f1e4bb368156499') in 0.062994 seconds 
  Import took 0.081077 seconds .

========================================================================
Received Import Request.
  Time since last request: 2.487405 seconds.
  path: Assets/resources/Tarbo-CITY/Meshes/TB_CITY_Prop_TrafficLight_4_Black.FBX
  artifactKey: Guid(9efb295787d77544a8937ea2d2ecc1ec) Importer(815301076,1909f56bfc062723c751e8b465ee728b)
Start importing Assets/resources/Tarbo-CITY/Meshes/TB_CITY_Prop_TrafficLight_4_Black.FBX using Guid(9efb295787d77544a8937ea2d2ecc1ec) Importer(815301076,1909f56bfc062723c751e8b465ee728b)  -> (artifact id: '6093e80c23192a9ec92b59c61bba9c22') in 0.445687 seconds 
  Import took 0.463732 seconds .

========================================================================
Received Import Request.
  Time since last request: 0.000353 seconds.
  path: Assets/resources/Tarbo-CITY/Meshes/TB_CITY_Prop_TrafficLight_Base_T_B.FBX
  artifactKey: Guid(75adc5b2432b8e2429e3c65b2bcea843) Importer(815301076,1909f56bfc062723c751e8b465ee728b)
Start importing Assets/resources/Tarbo-CITY/Meshes/TB_CITY_Prop_TrafficLight_Base_T_B.FBX using Guid(75adc5b2432b8e2429e3c65b2bcea843) Importer(815301076,1909f56bfc062723c751e8b465ee728b)  -> (artifact id: '0a54384d755e5bcd87a84399068eb688') in 0.096152 seconds 
  Import took 0.106692 seconds .

========================================================================
Received Import Request.
  Time since last request: 0.000182 seconds.
  path: Assets/resources/Tarbo-CITY/Meshes/TB_CITY_Prop_TrafficLight_C_White.FBX
  artifactKey: Guid(ad52ada8548532a4ba2cc1b4e16ef4ac) Importer(815301076,1909f56bfc062723c751e8b465ee728b)
Start importing Assets/resources/Tarbo-CITY/Meshes/TB_CITY_Prop_TrafficLight_C_White.FBX using Guid(ad52ada8548532a4ba2cc1b4e16ef4ac) Importer(815301076,1909f56bfc062723c751e8b465ee728b)  -> (artifact id: '800cc107f9dd1a956de63f44176a4665') in 0.049874 seconds 
  Import took 0.072164 seconds .

========================================================================
Received Import Request.
  Time since last request: 0.000231 seconds.
  path: Assets/resources/Tarbo-CITY/Meshes/TB_CITY_Prop_TrafficLight_A_Black.FBX
  artifactKey: Guid(e05e20f043eca2f48b9c4e8e42a2ecf8) Importer(815301076,1909f56bfc062723c751e8b465ee728b)
Start importing Assets/resources/Tarbo-CITY/Meshes/TB_CITY_Prop_TrafficLight_A_Black.FBX using Guid(e05e20f043eca2f48b9c4e8e42a2ecf8) Importer(815301076,1909f56bfc062723c751e8b465ee728b)  -> (artifact id: 'e7a1a01cd551dbb7e2f06527a6d632bf') in 0.052484 seconds 
  Import took 0.063551 seconds .

========================================================================
Received Import Request.
  Time since last request: 0.000244 seconds.
  path: Assets/resources/Tarbo-CITY/Meshes/TB_CITY_Prop_TrafficLight_C_Black.FBX
  artifactKey: Guid(f1573807c702a7a4eab92fb6d3374ed2) Importer(815301076,1909f56bfc062723c751e8b465ee728b)
Start importing Assets/resources/Tarbo-CITY/Meshes/TB_CITY_Prop_TrafficLight_C_Black.FBX using Guid(f1573807c702a7a4eab92fb6d3374ed2) Importer(815301076,1909f56bfc062723c751e8b465ee728b)  -> (artifact id: 'f80f0d10e173c59c822c455444139158') in 0.038480 seconds 
  Import took 0.042424 seconds .

========================================================================
Received Import Request.
  Time since last request: 0.000241 seconds.
  path: Assets/resources/Tarbo-CITY/Meshes/TB_CITY_Prop_TrafficLight_C_Green.FBX
  artifactKey: Guid(f9f83a63669ed4349a3e634f7f3167cf) Importer(815301076,1909f56bfc062723c751e8b465ee728b)
Start importing Assets/resources/Tarbo-CITY/Meshes/TB_CITY_Prop_TrafficLight_C_Green.FBX using Guid(f9f83a63669ed4349a3e634f7f3167cf) Importer(815301076,1909f56bfc062723c751e8b465ee728b)  -> (artifact id: 'e466e7f617f11269eb84b265ea1f0ac5') in 0.054863 seconds 
  Import took 0.072042 seconds .

========================================================================
Received Import Request.
  Time since last request: 0.000216 seconds.
  path: Assets/resources/Tarbo-CITY/Meshes/TB_CITY_Prop_TrafficLight_4Set_Yellow.FBX
  artifactKey: Guid(562a672c760337a45a412c06df031197) Importer(815301076,1909f56bfc062723c751e8b465ee728b)
Start importing Assets/resources/Tarbo-CITY/Meshes/TB_CITY_Prop_TrafficLight_4Set_Yellow.FBX using Guid(562a672c760337a45a412c06df031197) Importer(815301076,1909f56bfc062723c751e8b465ee728b)  -> (artifact id: '25e6c830b38e02c50463b58c0a28e554') in 0.061745 seconds 
  Import took 0.148142 seconds .

========================================================================
Received Import Request.
  Time since last request: 0.000318 seconds.
  path: Assets/resources/Tarbo-CITY/Meshes/TB_CITY_Prop_TrafficLight_B_Yellow.FBX
  artifactKey: Guid(149ef9ecdfebedd4a93383cb7767dc2d) Importer(815301076,1909f56bfc062723c751e8b465ee728b)
Start importing Assets/resources/Tarbo-CITY/Meshes/TB_CITY_Prop_TrafficLight_B_Yellow.FBX using Guid(149ef9ecdfebedd4a93383cb7767dc2d) Importer(815301076,1909f56bfc062723c751e8b465ee728b)  -> (artifact id: '0385299e27eaefe3de0ae023ce8718c3') in 0.043225 seconds 
  Import took 0.045818 seconds .

========================================================================
Received Import Request.
  Time since last request: 0.000360 seconds.
  path: Assets/resources/Tarbo-CITY/Meshes/TB_CITY_Prop_TrafficLight_4_Yellow.FBX
  artifactKey: Guid(5eaf8fa1624f47d49a80ca79919a02ad) Importer(815301076,1909f56bfc062723c751e8b465ee728b)
Start importing Assets/resources/Tarbo-CITY/Meshes/TB_CITY_Prop_TrafficLight_4_Yellow.FBX using Guid(5eaf8fa1624f47d49a80ca79919a02ad) Importer(815301076,1909f56bfc062723c751e8b465ee728b)  -> (artifact id: '51438f09880aeb368cc6a5884342cccd') in 0.128527 seconds 
  Import took 0.131327 seconds .

========================================================================
Received Import Request.
  Time since last request: 0.000260 seconds.
  path: Assets/resources/Tarbo-CITY/Meshes/TB_CITY_Prop_TrafficLight_4Set_Green.FBX
  artifactKey: Guid(f7ccb89f0f7df274085bad061afe7981) Importer(815301076,1909f56bfc062723c751e8b465ee728b)
Start importing Assets/resources/Tarbo-CITY/Meshes/TB_CITY_Prop_TrafficLight_4Set_Green.FBX using Guid(f7ccb89f0f7df274085bad061afe7981) Importer(815301076,1909f56bfc062723c751e8b465ee728b)  -> (artifact id: 'a47222b5c7fffb83d1fa9f85aa6c7157') in 0.072286 seconds 
  Import took 0.080746 seconds .

========================================================================
Received Import Request.
  Time since last request: 0.000214 seconds.
  path: Assets/resources/Tarbo-CITY/Meshes/TB_CITY_Prop_TrafficLight_Base_I_B.FBX
  artifactKey: Guid(c7865ab8682af5747b7e5fe3723c8e9e) Importer(815301076,1909f56bfc062723c751e8b465ee728b)
Start importing Assets/resources/Tarbo-CITY/Meshes/TB_CITY_Prop_TrafficLight_Base_I_B.FBX using Guid(c7865ab8682af5747b7e5fe3723c8e9e) Importer(815301076,1909f56bfc062723c751e8b465ee728b)  -> (artifact id: '98c26d133ff28e91fbebd8e6dd67a70d') in 0.058368 seconds 
  Import took 0.074303 seconds .

========================================================================
Received Import Request.
  Time since last request: 0.000259 seconds.
  path: Assets/resources/Tarbo-CITY/Meshes/TB_CITY_Prop_TrafficLight_C_Yellow.FBX
  artifactKey: Guid(d3fc0d42cea678344bd475f424b4ea42) Importer(815301076,1909f56bfc062723c751e8b465ee728b)
Start importing Assets/resources/Tarbo-CITY/Meshes/TB_CITY_Prop_TrafficLight_C_Yellow.FBX using Guid(d3fc0d42cea678344bd475f424b4ea42) Importer(815301076,1909f56bfc062723c751e8b465ee728b)  -> (artifact id: '0f8b47b2875cf369669d5f5d5d7737a2') in 0.040331 seconds 
  Import took 0.053971 seconds .

========================================================================
Received Import Request.
  Time since last request: 0.000348 seconds.
  path: Assets/resources/Tarbo-CITY/Meshes/TB_CITY_Prop_TrafficLight_A_Green.FBX
  artifactKey: Guid(461787c622cc92c46b76683cfb427ca8) Importer(815301076,1909f56bfc062723c751e8b465ee728b)
Start importing Assets/resources/Tarbo-CITY/Meshes/TB_CITY_Prop_TrafficLight_A_Green.FBX using Guid(461787c622cc92c46b76683cfb427ca8) Importer(815301076,1909f56bfc062723c751e8b465ee728b)  -> (artifact id: '95a22b448177fd9133304ee552dfcd15') in 0.045747 seconds 
  Import took 0.048516 seconds .

========================================================================
Received Import Request.
  Time since last request: 0.000375 seconds.
  path: Assets/resources/Tarbo-CITY/Meshes/TB_CITY_Prop_TrafficLight_Base_I_A.FBX
  artifactKey: Guid(509ce58980e255547944487484058fcd) Importer(815301076,1909f56bfc062723c751e8b465ee728b)
Start importing Assets/resources/Tarbo-CITY/Meshes/TB_CITY_Prop_TrafficLight_Base_I_A.FBX using Guid(509ce58980e255547944487484058fcd) Importer(815301076,1909f56bfc062723c751e8b465ee728b)  -> (artifact id: '2e6a3abc113e5815418708978ec59463') in 0.045607 seconds 
  Import took 0.055502 seconds .

========================================================================
Received Import Request.
  Time since last request: 0.000601 seconds.
  path: Assets/resources/Tarbo-CITY/Meshes/TB_CITY_Prop_TrafficLight_4Set_Black.FBX
  artifactKey: Guid(b4fcf8538076eb74c9b0120bc54b58c0) Importer(815301076,1909f56bfc062723c751e8b465ee728b)
Start importing Assets/resources/Tarbo-CITY/Meshes/TB_CITY_Prop_TrafficLight_4Set_Black.FBX using Guid(b4fcf8538076eb74c9b0120bc54b58c0) Importer(815301076,1909f56bfc062723c751e8b465ee728b)  -> (artifact id: 'cb825b93bb7588bd96b4f5e1a189e8b6') in 0.038186 seconds 
  Import took 0.046746 seconds .

========================================================================
Received Import Request.
  Time since last request: 0.000296 seconds.
  path: Assets/resources/Tarbo-CITY/Meshes/TB_CITY_Prop_TrafficLight_B_Black.FBX
  artifactKey: Guid(b841e7c414b8e844a90ddbe9fec65be3) Importer(815301076,1909f56bfc062723c751e8b465ee728b)
Start importing Assets/resources/Tarbo-CITY/Meshes/TB_CITY_Prop_TrafficLight_B_Black.FBX using Guid(b841e7c414b8e844a90ddbe9fec65be3) Importer(815301076,1909f56bfc062723c751e8b465ee728b)  -> (artifact id: '5e1593903b314cc5c6dcbd2a00fc60ff') in 0.059169 seconds 
  Import took 0.063998 seconds .

========================================================================
Received Import Request.
  Time since last request: 0.000304 seconds.
  path: Assets/resources/Tarbo-CITY/Meshes/TB_CITY_Prop_TrafficLight_B_Green.FBX
  artifactKey: Guid(c4370cbd249c7954c94ee61e9bf38d8c) Importer(815301076,1909f56bfc062723c751e8b465ee728b)
Start importing Assets/resources/Tarbo-CITY/Meshes/TB_CITY_Prop_TrafficLight_B_Green.FBX using Guid(c4370cbd249c7954c94ee61e9bf38d8c) Importer(815301076,1909f56bfc062723c751e8b465ee728b)  -> (artifact id: '4ba95931a0e6242c7a0e28a71904f96c') in 0.046527 seconds 
  Import took 0.074522 seconds .

========================================================================
Received Import Request.
  Time since last request: 0.000360 seconds.
  path: Assets/resources/Tarbo-CITY/Meshes/TB_CITY_Prop_TrafficLight_B_White.FBX
  artifactKey: Guid(958521b3dca241240a3458643ce91b44) Importer(815301076,1909f56bfc062723c751e8b465ee728b)
Start importing Assets/resources/Tarbo-CITY/Meshes/TB_CITY_Prop_TrafficLight_B_White.FBX using Guid(958521b3dca241240a3458643ce91b44) Importer(815301076,1909f56bfc062723c751e8b465ee728b)  -> (artifact id: '5271a2dd4c3522d0c6a91100df0da550') in 0.037677 seconds 
  Import took 0.054759 seconds .

========================================================================
Received Import Request.
  Time since last request: 0.000213 seconds.
  path: Assets/resources/Tarbo-CITY/Meshes/TB_CITY_Prop_TrafficLight_Base_T_A.FBX
  artifactKey: Guid(594db83d9d2dd1d46ae5471a6d2f6a26) Importer(815301076,1909f56bfc062723c751e8b465ee728b)
Start importing Assets/resources/Tarbo-CITY/Meshes/TB_CITY_Prop_TrafficLight_Base_T_A.FBX using Guid(594db83d9d2dd1d46ae5471a6d2f6a26) Importer(815301076,1909f56bfc062723c751e8b465ee728b)  -> (artifact id: 'c619ddd810ff20a4006f9338999b16b5') in 0.041630 seconds 
  Import took 0.044639 seconds .

========================================================================
Received Import Request.
  Time since last request: 0.000201 seconds.
  path: Assets/resources/Tarbo-CITY/Meshes/TB_CITY_Prop_TrafficLight_4_white.FBX
  artifactKey: Guid(d7b6dfda273f0234496e3d6cdbbe4927) Importer(815301076,1909f56bfc062723c751e8b465ee728b)
Start importing Assets/resources/Tarbo-CITY/Meshes/TB_CITY_Prop_TrafficLight_4_white.FBX using Guid(d7b6dfda273f0234496e3d6cdbbe4927) Importer(815301076,1909f56bfc062723c751e8b465ee728b)  -> (artifact id: '84367e63ecfd794731542963cc08a049') in 0.037820 seconds 
  Import took 0.041905 seconds .

========================================================================
Received Import Request.
  Time since last request: 0.000289 seconds.
  path: Assets/resources/Tarbo-CITY/Meshes/TB_CITY_Prop_TrafficLight_A_Whtie.FBX
  artifactKey: Guid(d1dbdee4f256f3a42bd503d6c624977d) Importer(815301076,1909f56bfc062723c751e8b465ee728b)
Start importing Assets/resources/Tarbo-CITY/Meshes/TB_CITY_Prop_TrafficLight_A_Whtie.FBX using Guid(d1dbdee4f256f3a42bd503d6c624977d) Importer(815301076,1909f56bfc062723c751e8b465ee728b)  -> (artifact id: '4fa0f05fa2903c594419f23c3f0ba0fb') in 0.041671 seconds 
  Import took 0.045585 seconds .

========================================================================
Received Import Request.
  Time since last request: 0.000242 seconds.
  path: Assets/resources/Tarbo-CITY/Meshes/TB_CITY_Prop_TrafficLight_A_Yellow.FBX
  artifactKey: Guid(a0f4891a3a0c44c4f9c606fb2fd8a206) Importer(815301076,1909f56bfc062723c751e8b465ee728b)
Start importing Assets/resources/Tarbo-CITY/Meshes/TB_CITY_Prop_TrafficLight_A_Yellow.FBX using Guid(a0f4891a3a0c44c4f9c606fb2fd8a206) Importer(815301076,1909f56bfc062723c751e8b465ee728b)  -> (artifact id: '67cba521f0f19f31d7266cd6c6b801db') in 0.037071 seconds 
  Import took 0.042604 seconds .

========================================================================
Received Import Request.
  Time since last request: 0.000214 seconds.
  path: Assets/resources/Tarbo-CITY/Meshes/TB_CITY_Prop_TrafficLight_4_Green.FBX
  artifactKey: Guid(ad51b4616bb54234ca0f78417b251022) Importer(815301076,1909f56bfc062723c751e8b465ee728b)
Start importing Assets/resources/Tarbo-CITY/Meshes/TB_CITY_Prop_TrafficLight_4_Green.FBX using Guid(ad51b4616bb54234ca0f78417b251022) Importer(815301076,1909f56bfc062723c751e8b465ee728b)  -> (artifact id: 'f58e069a1eb13f2aed03643c291b1ed5') in 0.050521 seconds 
  Import took 0.053131 seconds .

========================================================================
Received Import Request.
  Time since last request: 0.000221 seconds.
  path: Assets/resources/Tarbo-CITY/Meshes/TB_CITY_Prop_TrafficLight_4Set_White.FBX
  artifactKey: Guid(7186b076798c1fb42a5410afeb599166) Importer(815301076,1909f56bfc062723c751e8b465ee728b)
Start importing Assets/resources/Tarbo-CITY/Meshes/TB_CITY_Prop_TrafficLight_4Set_White.FBX using Guid(7186b076798c1fb42a5410afeb599166) Importer(815301076,1909f56bfc062723c751e8b465ee728b)  -> (artifact id: '27e0f642921c55631d5d39111ca0e354') in 0.039012 seconds 
  Import took 0.050383 seconds .

========================================================================
Received Import Request.
  Time since last request: 239.301933 seconds.
  path: Assets/Script/BackCameraController.cs
  artifactKey: Guid(5fb458d9b3c1fbc49bb38cd778708347) Importer(815301076,1909f56bfc062723c751e8b465ee728b)
Start importing Assets/Script/BackCameraController.cs using Guid(5fb458d9b3c1fbc49bb38cd778708347) Importer(815301076,1909f56bfc062723c751e8b465ee728b)  -> (artifact id: '5a4982f2596f282d86192ce80b3315bb') in 0.006899 seconds 
  Import took 0.408169 seconds .

========================================================================
Received Import Request.
  Time since last request: 0.525189 seconds.
  path: Assets/Script/ThirdPersonMovement.cs
  artifactKey: Guid(0dd2f7d0e9bf324459db4ee7d64fe97f) Importer(815301076,1909f56bfc062723c751e8b465ee728b)
Start importing Assets/Script/ThirdPersonMovement.cs using Guid(0dd2f7d0e9bf324459db4ee7d64fe97f) Importer(815301076,1909f56bfc062723c751e8b465ee728b)  -> (artifact id: '78f089d615eb0a9a6b37c7a26c89dc9f') in 0.007541 seconds 
  Import took 0.037051 seconds .

========================================================================
Received Import Request.
  Time since last request: 3.939350 seconds.
  path: Assets/Script/animationStateController.cs
  artifactKey: Guid(261b1c4a090c6434ea7008e1f6cfe585) Importer(815301076,1909f56bfc062723c751e8b465ee728b)
Start importing Assets/Script/animationStateController.cs using Guid(261b1c4a090c6434ea7008e1f6cfe585) Importer(815301076,1909f56bfc062723c751e8b465ee728b)  -> (artifact id: '11b926bc4af99ecfd97a7847be03339b') in 0.097933 seconds 
  Import took 0.100553 seconds .

========================================================================
Received Prepare
Registering precompiled user dll's ...
Registered in 0.002089 seconds.
Begin MonoManager ReloadAssembly
Native extension for WindowsStandalone target not found
Refreshing native plugins compatible for Editor in 0.50 ms, found 2 plugins.
Preloading 0 native plugins for Editor in 0.00 ms.
Mono: successfully reloaded assembly
- Completed reload, in  0.824 seconds
Domain Reload Profiling:
	ReloadAssembly (825ms)
		BeginReloadAssembly (88ms)
			ExecutionOrderSort (0ms)
			DisableScriptedObjects (3ms)
			BackupInstance (0ms)
			ReleaseScriptingObjects (0ms)
			CreateAndSetChildDomain (30ms)
		EndReloadAssembly (684ms)
			LoadAssemblies (67ms)
			RebuildTransferFunctionScriptingTraits (0ms)
			SetupTypeCache (238ms)
			ReleaseScriptCaches (1ms)
			RebuildScriptCaches (37ms)
			SetupLoadedEditorAssemblies (262ms)
				LogAssemblyErrors (0ms)
				InitializePlatformSupportModulesInManaged (3ms)
				SetLoadedEditorAssemblies (0ms)
				RefreshPlugins (1ms)
				BeforeProcessingInitializeOnLoad (61ms)
				ProcessInitializeOnLoadAttributes (186ms)
				ProcessInitializeOnLoadMethodAttributes (9ms)
				AfterProcessingInitializeOnLoad (2ms)
				EditorAssembliesLoaded (0ms)
			ExecutionOrderSort2 (0ms)
			AwakeInstancesAfterBackupRestoration (6ms)
Platform modules already initialized, skipping
Refreshing native plugins compatible for Editor in 0.50 ms, found 2 plugins.
Preloading 0 native plugins for Editor in 0.00 ms.
Unloading 1644 Unused Serialized files (Serialized files now loaded: 0)
System memory in use before: 80.3 MB.
System memory in use after: 80.4 MB.

Unloading 15 unused Assets to reduce memory usage. Loaded Objects now: 2130.
Total: 2.958000 ms (FindLiveObjects: 0.208600 ms CreateObjectMapping: 0.042100 ms MarkObjects: 2.682600 ms  DeleteObjects: 0.023100 ms)

AssetImportParameters requested are different than current active one (requested -> active):
  custom:framework-win-MediaFoundation: 216162199b28c13a410421893ffa2e32 -> 
  custom:video-decoder-ogg-theora: a1e56fd34408186e4bbccfd4996cb3dc -> 
  custom:container-muxer-webm: aa71ff27fc2769a1b78a27578f13a17b -> 
  custom:container-demuxer-webm: 4f35f7cbe854078d1ac9338744f61a02 -> 
  custom:container-demuxer-ogg: 62fdf1f143b41e24485cea50d1cbac27 -> 
  custom:video-encoder-webm-vp8: eb34c28f22e8b96e1ab97ce403110664 -> 
  custom:video-codec-MediaFoundation-h265: 746d11721c4dcdbdad8f713fa42b33f4 -> 
  custom:video-decoder-webm-vp8: 9c59270c3fd7afecdb556c50c9e8de78 -> 
  custom:audio-decoder-ogg-vorbis: bf7c407c2cedff20999df2af8eb42d56 -> 
  custom:audio-encoder-webm-vorbis: bf7c407c2cedff20999df2af8eb42d56 -> 
========================================================================
Received Prepare
Registering precompiled user dll's ...
Registered in 0.002228 seconds.
Begin MonoManager ReloadAssembly
Native extension for WindowsStandalone target not found
Refreshing native plugins compatible for Editor in 0.48 ms, found 2 plugins.
Preloading 0 native plugins for Editor in 0.00 ms.
Mono: successfully reloaded assembly
- Completed reload, in  0.821 seconds
Domain Reload Profiling:
	ReloadAssembly (822ms)
		BeginReloadAssembly (96ms)
			ExecutionOrderSort (0ms)
			DisableScriptedObjects (4ms)
			BackupInstance (0ms)
			ReleaseScriptingObjects (0ms)
			CreateAndSetChildDomain (29ms)
		EndReloadAssembly (676ms)
			LoadAssemblies (67ms)
			RebuildTransferFunctionScriptingTraits (0ms)
			SetupTypeCache (238ms)
			ReleaseScriptCaches (1ms)
			RebuildScriptCaches (38ms)
			SetupLoadedEditorAssemblies (248ms)
				LogAssemblyErrors (0ms)
				InitializePlatformSupportModulesInManaged (4ms)
				SetLoadedEditorAssemblies (0ms)
				RefreshPlugins (1ms)
				BeforeProcessingInitializeOnLoad (60ms)
				ProcessInitializeOnLoadAttributes (173ms)
				ProcessInitializeOnLoadMethodAttributes (7ms)
				AfterProcessingInitializeOnLoad (2ms)
				EditorAssembliesLoaded (0ms)
			ExecutionOrderSort2 (0ms)
			AwakeInstancesAfterBackupRestoration (5ms)
Platform modules already initialized, skipping
Refreshing native plugins compatible for Editor in 0.72 ms, found 2 plugins.
Preloading 0 native plugins for Editor in 0.00 ms.
Unloading 1644 Unused Serialized files (Serialized files now loaded: 0)
System memory in use before: 80.3 MB.
System memory in use after: 80.4 MB.

Unloading 15 unused Assets to reduce memory usage. Loaded Objects now: 2132.
Total: 2.936800 ms (FindLiveObjects: 0.216300 ms CreateObjectMapping: 0.039700 ms MarkObjects: 2.655000 ms  DeleteObjects: 0.023500 ms)

AssetImportParameters requested are different than current active one (requested -> active):
  custom:framework-win-MediaFoundation: 216162199b28c13a410421893ffa2e32 -> 
  custom:video-decoder-ogg-theora: a1e56fd34408186e4bbccfd4996cb3dc -> 
  custom:container-muxer-webm: aa71ff27fc2769a1b78a27578f13a17b -> 
  custom:container-demuxer-webm: 4f35f7cbe854078d1ac9338744f61a02 -> 
  custom:container-demuxer-ogg: 62fdf1f143b41e24485cea50d1cbac27 -> 
  custom:video-encoder-webm-vp8: eb34c28f22e8b96e1ab97ce403110664 -> 
  custom:video-codec-MediaFoundation-h265: 746d11721c4dcdbdad8f713fa42b33f4 -> 
  custom:video-decoder-webm-vp8: 9c59270c3fd7afecdb556c50c9e8de78 -> 
  custom:audio-decoder-ogg-vorbis: bf7c407c2cedff20999df2af8eb42d56 -> 
  custom:audio-encoder-webm-vorbis: bf7c407c2cedff20999df2af8eb42d56 -> 
========================================================================
Received Prepare
Registering precompiled user dll's ...
Registered in 0.002161 seconds.
Begin MonoManager ReloadAssembly
Native extension for WindowsStandalone target not found
Refreshing native plugins compatible for Editor in 0.51 ms, found 2 plugins.
Preloading 0 native plugins for Editor in 0.00 ms.
Mono: successfully reloaded assembly
- Completed reload, in  0.835 seconds
Domain Reload Profiling:
	ReloadAssembly (836ms)
		BeginReloadAssembly (94ms)
			ExecutionOrderSort (0ms)
			DisableScriptedObjects (4ms)
			BackupInstance (0ms)
			ReleaseScriptingObjects (0ms)
			CreateAndSetChildDomain (29ms)
		EndReloadAssembly (691ms)
			LoadAssemblies (69ms)
			RebuildTransferFunctionScriptingTraits (0ms)
			SetupTypeCache (238ms)
			ReleaseScriptCaches (1ms)
			RebuildScriptCaches (39ms)
			SetupLoadedEditorAssemblies (260ms)
				LogAssemblyErrors (0ms)
				InitializePlatformSupportModulesInManaged (4ms)
				SetLoadedEditorAssemblies (0ms)
				RefreshPlugins (1ms)
				BeforeProcessingInitializeOnLoad (63ms)
				ProcessInitializeOnLoadAttributes (182ms)
				ProcessInitializeOnLoadMethodAttributes (8ms)
				AfterProcessingInitializeOnLoad (2ms)
				EditorAssembliesLoaded (0ms)
			ExecutionOrderSort2 (0ms)
			AwakeInstancesAfterBackupRestoration (5ms)
Platform modules already initialized, skipping
Refreshing native plugins compatible for Editor in 0.55 ms, found 2 plugins.
Preloading 0 native plugins for Editor in 0.00 ms.
Unloading 1644 Unused Serialized files (Serialized files now loaded: 0)
System memory in use before: 80.3 MB.
System memory in use after: 80.4 MB.

Unloading 15 unused Assets to reduce memory usage. Loaded Objects now: 2134.
Total: 3.326600 ms (FindLiveObjects: 0.205700 ms CreateObjectMapping: 0.041200 ms MarkObjects: 3.057700 ms  DeleteObjects: 0.020200 ms)

AssetImportParameters requested are different than current active one (requested -> active):
  custom:framework-win-MediaFoundation: 216162199b28c13a410421893ffa2e32 -> 
  custom:video-decoder-ogg-theora: a1e56fd34408186e4bbccfd4996cb3dc -> 
  custom:container-muxer-webm: aa71ff27fc2769a1b78a27578f13a17b -> 
  custom:container-demuxer-webm: 4f35f7cbe854078d1ac9338744f61a02 -> 
  custom:container-demuxer-ogg: 62fdf1f143b41e24485cea50d1cbac27 -> 
  custom:video-encoder-webm-vp8: eb34c28f22e8b96e1ab97ce403110664 -> 
  custom:video-codec-MediaFoundation-h265: 746d11721c4dcdbdad8f713fa42b33f4 -> 
  custom:video-decoder-webm-vp8: 9c59270c3fd7afecdb556c50c9e8de78 -> 
  custom:audio-decoder-ogg-vorbis: bf7c407c2cedff20999df2af8eb42d56 -> 
  custom:audio-encoder-webm-vorbis: bf7c407c2cedff20999df2af8eb42d56 -> 
========================================================================
Received Prepare
Registering precompiled user dll's ...
Registered in 0.002334 seconds.
Begin MonoManager ReloadAssembly
Native extension for WindowsStandalone target not found
Refreshing native plugins compatible for Editor in 0.55 ms, found 2 plugins.
Preloading 0 native plugins for Editor in 0.00 ms.
Mono: successfully reloaded assembly
- Completed reload, in  0.926 seconds
Domain Reload Profiling:
	ReloadAssembly (927ms)
		BeginReloadAssembly (90ms)
			ExecutionOrderSort (0ms)
			DisableScriptedObjects (4ms)
			BackupInstance (0ms)
			ReleaseScriptingObjects (0ms)
			CreateAndSetChildDomain (31ms)
		EndReloadAssembly (784ms)
			LoadAssemblies (90ms)
			RebuildTransferFunctionScriptingTraits (0ms)
			SetupTypeCache (278ms)
			ReleaseScriptCaches (1ms)
			RebuildScriptCaches (36ms)
			SetupLoadedEditorAssemblies (284ms)
				LogAssemblyErrors (0ms)
				InitializePlatformSupportModulesInManaged (4ms)
				SetLoadedEditorAssemblies (0ms)
				RefreshPlugins (1ms)
				BeforeProcessingInitializeOnLoad (70ms)
				ProcessInitializeOnLoadAttributes (199ms)
				ProcessInitializeOnLoadMethodAttributes (9ms)
				AfterProcessingInitializeOnLoad (2ms)
				EditorAssembliesLoaded (0ms)
			ExecutionOrderSort2 (0ms)
			AwakeInstancesAfterBackupRestoration (6ms)
Platform modules already initialized, skipping
Refreshing native plugins compatible for Editor in 0.96 ms, found 2 plugins.
Preloading 0 native plugins for Editor in 0.00 ms.
Unloading 1644 Unused Serialized files (Serialized files now loaded: 0)
System memory in use before: 80.3 MB.
System memory in use after: 80.4 MB.

Unloading 15 unused Assets to reduce memory usage. Loaded Objects now: 2136.
Total: 3.561600 ms (FindLiveObjects: 0.260700 ms CreateObjectMapping: 0.081100 ms MarkObjects: 3.182400 ms  DeleteObjects: 0.034400 ms)

AssetImportParameters requested are different than current active one (requested -> active):
  custom:framework-win-MediaFoundation: 216162199b28c13a410421893ffa2e32 -> 
  custom:video-decoder-ogg-theora: a1e56fd34408186e4bbccfd4996cb3dc -> 
  custom:container-muxer-webm: aa71ff27fc2769a1b78a27578f13a17b -> 
  custom:container-demuxer-webm: 4f35f7cbe854078d1ac9338744f61a02 -> 
  custom:container-demuxer-ogg: 62fdf1f143b41e24485cea50d1cbac27 -> 
  custom:video-encoder-webm-vp8: eb34c28f22e8b96e1ab97ce403110664 -> 
  custom:video-codec-MediaFoundation-h265: 746d11721c4dcdbdad8f713fa42b33f4 -> 
  custom:video-decoder-webm-vp8: 9c59270c3fd7afecdb556c50c9e8de78 -> 
  custom:audio-decoder-ogg-vorbis: bf7c407c2cedff20999df2af8eb42d56 -> 
  custom:audio-encoder-webm-vorbis: bf7c407c2cedff20999df2af8eb42d56 -> 
========================================================================
Received Import Request.
  Time since last request: 1740.994851 seconds.
  path: Assets/resources/POLYGON city pack/Prefabs/Buildings
  artifactKey: Guid(a56c14f3d9b631d4d8914c91cc3d33f3) Importer(815301076,1909f56bfc062723c751e8b465ee728b)
Start importing Assets/resources/POLYGON city pack/Prefabs/Buildings using Guid(a56c14f3d9b631d4d8914c91cc3d33f3) Importer(815301076,1909f56bfc062723c751e8b465ee728b)  -> (artifact id: '2ba6ef00b52d03105b35668cb5c021ad') in 0.012642 seconds 
  Import took 0.393566 seconds .

========================================================================
Received Import Request.
  Time since last request: 49.329715 seconds.
  path: Assets/resources/POLYGON city pack/Meshes,textures/Buildings_FBX/Build_G-Left.fbx
  artifactKey: Guid(304125dc564333d4598543ef0fa739ef) Importer(815301076,1909f56bfc062723c751e8b465ee728b)
Start importing Assets/resources/POLYGON city pack/Meshes,textures/Buildings_FBX/Build_G-Left.fbx using Guid(304125dc564333d4598543ef0fa739ef) Importer(815301076,1909f56bfc062723c751e8b465ee728b)  -> (artifact id: '4f0a6cc0692039e0c00c51e2bc5fa744') in 0.147886 seconds 
  Import took 0.150664 seconds .

========================================================================
Received Import Request.
  Time since last request: 0.000212 seconds.
  path: Assets/resources/POLYGON city pack/Meshes,textures/Buildings_FBX/Build_G-Middle.fbx
  artifactKey: Guid(883203dc2a015234fad00299c603aaf6) Importer(815301076,1909f56bfc062723c751e8b465ee728b)
Start importing Assets/resources/POLYGON city pack/Meshes,textures/Buildings_FBX/Build_G-Middle.fbx using Guid(883203dc2a015234fad00299c603aaf6) Importer(815301076,1909f56bfc062723c751e8b465ee728b)  -> (artifact id: '758f265920e53ddd6cc1856802187498') in 0.035986 seconds 
  Import took 0.039154 seconds .

========================================================================
Received Import Request.
  Time since last request: 0.000277 seconds.
  path: Assets/resources/POLYGON city pack/Meshes,textures/Buildings_FBX/Build_G-Right.fbx
  artifactKey: Guid(bb1edca309ad0a442b0a690fc4e4a944) Importer(815301076,1909f56bfc062723c751e8b465ee728b)
Start importing Assets/resources/POLYGON city pack/Meshes,textures/Buildings_FBX/Build_G-Right.fbx using Guid(bb1edca309ad0a442b0a690fc4e4a944) Importer(815301076,1909f56bfc062723c751e8b465ee728b)  -> (artifact id: '3413424522dc002c85588109d1ce4709') in 0.030012 seconds 
  Import took 0.050834 seconds .

========================================================================
Received Import Request.
  Time since last request: 0.000205 seconds.
  path: Assets/resources/POLYGON city pack/Meshes,textures/Buildings_FBX/Building_c.fbx
  artifactKey: Guid(a0028d3f7d4817641a9717e662aec378) Importer(815301076,1909f56bfc062723c751e8b465ee728b)
Start importing Assets/resources/POLYGON city pack/Meshes,textures/Buildings_FBX/Building_c.fbx using Guid(a0028d3f7d4817641a9717e662aec378) Importer(815301076,1909f56bfc062723c751e8b465ee728b)  -> (artifact id: '40b7b83b670fdc154581e387177e2297') in 0.035098 seconds 
  Import took 0.053379 seconds .

========================================================================
Received Import Request.
  Time since last request: 0.000336 seconds.
  path: Assets/resources/POLYGON city pack/Meshes,textures/Buildings_FBX/Building_E.fbx
  artifactKey: Guid(07a6cb84d61f3a148a0ba4f8107f49d4) Importer(815301076,1909f56bfc062723c751e8b465ee728b)
Start importing Assets/resources/POLYGON city pack/Meshes,textures/Buildings_FBX/Building_E.fbx using Guid(07a6cb84d61f3a148a0ba4f8107f49d4) Importer(815301076,1909f56bfc062723c751e8b465ee728b)  -> (artifact id: 'c9514fc69cb534c43922ca5ba440a0f0') in 0.024321 seconds 
  Import took 0.040017 seconds .

========================================================================
Received Import Request.
  Time since last request: 0.000207 seconds.
  path: Assets/resources/POLYGON city pack/Meshes,textures/Buildings_FBX/Building_H.fbx
  artifactKey: Guid(a00d442b1ceb04441ae014d15c5f7adc) Importer(815301076,1909f56bfc062723c751e8b465ee728b)
Start importing Assets/resources/POLYGON city pack/Meshes,textures/Buildings_FBX/Building_H.fbx using Guid(a00d442b1ceb04441ae014d15c5f7adc) Importer(815301076,1909f56bfc062723c751e8b465ee728b)  -> (artifact id: 'f851df1418fac6ba7e731d61495efa48') in 0.053515 seconds 
  Import took 0.056353 seconds .

========================================================================
Received Import Request.
  Time since last request: 0.000223 seconds.
  path: Assets/resources/POLYGON city pack/Meshes,textures/Buildings_FBX/Building_D1.png
  artifactKey: Guid(03ddf15dc911409408ff074ec0bb199a) Importer(815301076,1909f56bfc062723c751e8b465ee728b)
Start importing Assets/resources/POLYGON city pack/Meshes,textures/Buildings_FBX/Building_D1.png using Guid(03ddf15dc911409408ff074ec0bb199a) Importer(815301076,1909f56bfc062723c751e8b465ee728b)  -> (artifact id: '6a87d7c7936afd64760bfab9f743e969') in 0.154591 seconds 
  Import took 0.159673 seconds .

========================================================================
Received Import Request.
  Time since last request: 0.000214 seconds.
  path: Assets/resources/POLYGON city pack/Meshes,textures/Buildings_FBX/Building_I_1.fbx
  artifactKey: Guid(a31ede3a68c1fc642a73d7ab6870b43e) Importer(815301076,1909f56bfc062723c751e8b465ee728b)
Start importing Assets/resources/POLYGON city pack/Meshes,textures/Buildings_FBX/Building_I_1.fbx using Guid(a31ede3a68c1fc642a73d7ab6870b43e) Importer(815301076,1909f56bfc062723c751e8b465ee728b)  -> (artifact id: 'cef3ce06373126557f08fa044c64bd4f') in 0.036955 seconds 
  Import took 0.042692 seconds .

========================================================================
Received Import Request.
  Time since last request: 0.000188 seconds.
  path: Assets/resources/POLYGON city pack/Meshes,textures/Buildings_FBX/Building_i_3Texture.png
  artifactKey: Guid(beb784968caebcd4ba8e79d9dd751ecc) Importer(815301076,1909f56bfc062723c751e8b465ee728b)
Start importing Assets/resources/POLYGON city pack/Meshes,textures/Buildings_FBX/Building_i_3Texture.png using Guid(beb784968caebcd4ba8e79d9dd751ecc) Importer(815301076,1909f56bfc062723c751e8b465ee728b)  -> (artifact id: '1ac8e1c907f8c6eb0b05a74e8cb665d4') in 0.015184 seconds 
  Import took 0.020167 seconds .

========================================================================
Received Import Request.
  Time since last request: 0.000443 seconds.
  path: Assets/resources/POLYGON city pack/Meshes,textures/Buildings_FBX/Building_D.fbx
  artifactKey: Guid(f98ff50ea1b6a7140860381375972449) Importer(815301076,1909f56bfc062723c751e8b465ee728b)
Start importing Assets/resources/POLYGON city pack/Meshes,textures/Buildings_FBX/Building_D.fbx using Guid(f98ff50ea1b6a7140860381375972449) Importer(815301076,1909f56bfc062723c751e8b465ee728b)  -> (artifact id: '34e295e41c138d8f9fe4bd607eb7bc48') in 0.024793 seconds 
  Import took 0.047462 seconds .

========================================================================
Received Import Request.
  Time since last request: 0.000240 seconds.
  path: Assets/resources/POLYGON city pack/Meshes,textures/Buildings_FBX/Building_I_2.fbx
  artifactKey: Guid(9f70c3b25552f8c4cbfc2dc5b60b2c0e) Importer(815301076,1909f56bfc062723c751e8b465ee728b)
Start importing Assets/resources/POLYGON city pack/Meshes,textures/Buildings_FBX/Building_I_2.fbx using Guid(9f70c3b25552f8c4cbfc2dc5b60b2c0e) Importer(815301076,1909f56bfc062723c751e8b465ee728b)  -> (artifact id: '64696d930e2bd4f858adedd34a488d16') in 0.039138 seconds 
  Import took 0.067400 seconds .

========================================================================
Received Import Request.
  Time since last request: 0.000219 seconds.
  path: Assets/resources/POLYGON city pack/Meshes,textures/Buildings_FBX/Building_F.fbx
  artifactKey: Guid(1eff86bacbfcee04fae528f76228c44d) Importer(815301076,1909f56bfc062723c751e8b465ee728b)
Start importing Assets/resources/POLYGON city pack/Meshes,textures/Buildings_FBX/Building_F.fbx using Guid(1eff86bacbfcee04fae528f76228c44d) Importer(815301076,1909f56bfc062723c751e8b465ee728b)  -> (artifact id: 'd18db8051e2de562d54f14f2e8f9d8b1') in 0.023227 seconds 
  Import took 0.027699 seconds .

========================================================================
Received Import Request.
  Time since last request: 0.000367 seconds.
  path: Assets/resources/POLYGON city pack/Meshes,textures/Buildings_FBX/Building_C1.fbx
  artifactKey: Guid(aa2b0ff9d71916c4aa2e1d9699c459fc) Importer(815301076,1909f56bfc062723c751e8b465ee728b)
Start importing Assets/resources/POLYGON city pack/Meshes,textures/Buildings_FBX/Building_C1.fbx using Guid(aa2b0ff9d71916c4aa2e1d9699c459fc) Importer(815301076,1909f56bfc062723c751e8b465ee728b)  -> (artifact id: '927a406cf70ee93a494834efc7bf170c') in 0.022006 seconds 
  Import took 0.028070 seconds .

========================================================================
Received Import Request.
  Time since last request: 0.000244 seconds.
  path: Assets/resources/POLYGON city pack/Meshes,textures/Buildings_FBX/Building_J.fbx
  artifactKey: Guid(619caea5e9f0642498ad3dac2ea8b898) Importer(815301076,1909f56bfc062723c751e8b465ee728b)
Start importing Assets/resources/POLYGON city pack/Meshes,textures/Buildings_FBX/Building_J.fbx using Guid(619caea5e9f0642498ad3dac2ea8b898) Importer(815301076,1909f56bfc062723c751e8b465ee728b)  -> (artifact id: '0eeee5b50b2d6478a2cea188d0a8f7d4') in 0.034249 seconds 
  Import took 0.050199 seconds .

========================================================================
Received Import Request.
  Time since last request: 0.000313 seconds.
  path: Assets/resources/POLYGON city pack/Meshes,textures/Buildings_FBX/Building_I_3.fbx
  artifactKey: Guid(5f301a1810c24654091e4f8bcbff39c2) Importer(815301076,1909f56bfc062723c751e8b465ee728b)
Start importing Assets/resources/POLYGON city pack/Meshes,textures/Buildings_FBX/Building_I_3.fbx using Guid(5f301a1810c24654091e4f8bcbff39c2) Importer(815301076,1909f56bfc062723c751e8b465ee728b)  -> (artifact id: 'e5a2668525d8e12405cd63e220d5d73a') in 0.044808 seconds 
  Import took 0.049521 seconds .

========================================================================
Received Import Request.
  Time since last request: 0.000363 seconds.
  path: Assets/resources/POLYGON city pack/Meshes,textures/Buildings_FBX/Building_A.fbx
  artifactKey: Guid(bbee6f5e04c54854dba4ea612e4d83c5) Importer(815301076,1909f56bfc062723c751e8b465ee728b)
Start importing Assets/resources/POLYGON city pack/Meshes,textures/Buildings_FBX/Building_A.fbx using Guid(bbee6f5e04c54854dba4ea612e4d83c5) Importer(815301076,1909f56bfc062723c751e8b465ee728b)  -> (artifact id: 'd643e8f34455ec235ede459dfbeefe65') in 0.025487 seconds 
  Import took 0.064542 seconds .

========================================================================
Received Import Request.
  Time since last request: 0.000290 seconds.
  path: Assets/resources/POLYGON city pack/Meshes,textures/Buildings_FBX/Building_A1.fbx
  artifactKey: Guid(e48ed78ee18a85b4ab1b16c0f67824b5) Importer(815301076,1909f56bfc062723c751e8b465ee728b)
Start importing Assets/resources/POLYGON city pack/Meshes,textures/Buildings_FBX/Building_A1.fbx using Guid(e48ed78ee18a85b4ab1b16c0f67824b5) Importer(815301076,1909f56bfc062723c751e8b465ee728b)  -> (artifact id: '91e4d9d3320512cbfe8cc7c0f5236b4a') in 0.025575 seconds 
  Import took 0.035443 seconds .

========================================================================
Received Import Request.
  Time since last request: 0.000219 seconds.
  path: Assets/resources/POLYGON city pack/Meshes,textures/Buildings_FBX/Building_B.fbx
  artifactKey: Guid(6f10def50e777ec4f87ab5e87ccf6594) Importer(815301076,1909f56bfc062723c751e8b465ee728b)
Start importing Assets/resources/POLYGON city pack/Meshes,textures/Buildings_FBX/Building_B.fbx using Guid(6f10def50e777ec4f87ab5e87ccf6594) Importer(815301076,1909f56bfc062723c751e8b465ee728b)  -> (artifact id: '2d4f1e938135fe3bdeee2933ee457921') in 0.024294 seconds 
  Import took 0.040895 seconds .

========================================================================
Received Import Request.
  Time since last request: 0.000221 seconds.
  path: Assets/resources/POLYGON city pack/Meshes,textures/Buildings_FBX/Building_D1.fbx
  artifactKey: Guid(0401af9edbdcf124491043c66a8f85c5) Importer(815301076,1909f56bfc062723c751e8b465ee728b)
Start importing Assets/resources/POLYGON city pack/Meshes,textures/Buildings_FBX/Building_D1.fbx using Guid(0401af9edbdcf124491043c66a8f85c5) Importer(815301076,1909f56bfc062723c751e8b465ee728b)  -> (artifact id: 'f2722a58562f55e21fa071e6661e3647') in 0.025355 seconds 
  Import took 0.031127 seconds .

========================================================================
Received Import Request.
  Time since last request: 0.000274 seconds.
  path: Assets/resources/POLYGON city pack/Meshes,textures/Buildings_FBX/Building_B1.fbx
  artifactKey: Guid(58dc609a263a7af4990b33b3be735e9a) Importer(815301076,1909f56bfc062723c751e8b465ee728b)
Start importing Assets/resources/POLYGON city pack/Meshes,textures/Buildings_FBX/Building_B1.fbx using Guid(58dc609a263a7af4990b33b3be735e9a) Importer(815301076,1909f56bfc062723c751e8b465ee728b)  -> (artifact id: '1635a984733262dcf1dc1b5cc7c9e6f8') in 0.021965 seconds 
  Import took 0.025287 seconds .

========================================================================
Received Import Request.
  Time since last request: 0.000297 seconds.
  path: Assets/resources/POLYGON city pack/Meshes,textures/Buildings_FBX/Building_M.fbx
  artifactKey: Guid(33a58fa9897d81c4fa6655fc4a19a500) Importer(815301076,1909f56bfc062723c751e8b465ee728b)
Start importing Assets/resources/POLYGON city pack/Meshes,textures/Buildings_FBX/Building_M.fbx using Guid(33a58fa9897d81c4fa6655fc4a19a500) Importer(815301076,1909f56bfc062723c751e8b465ee728b)  -> (artifact id: 'd40d3a3aba17e0c5bbf60a78c6cc64dc') in 0.024641 seconds 
  Import took 0.029878 seconds .

========================================================================
Received Import Request.
  Time since last request: 0.000227 seconds.
  path: Assets/resources/POLYGON city pack/Meshes,textures/Buildings_FBX/Building_K.fbx
  artifactKey: Guid(61009ff9965767047ac1770abfb3355f) Importer(815301076,1909f56bfc062723c751e8b465ee728b)
Start importing Assets/resources/POLYGON city pack/Meshes,textures/Buildings_FBX/Building_K.fbx using Guid(61009ff9965767047ac1770abfb3355f) Importer(815301076,1909f56bfc062723c751e8b465ee728b)  -> (artifact id: 'ff3acf086f94055a6431dbc4cc20603a') in 0.026935 seconds 
  Import took 0.030060 seconds .

========================================================================
Received Prepare
Registering precompiled user dll's ...
Registered in 0.002211 seconds.
Begin MonoManager ReloadAssembly
Native extension for WindowsStandalone target not found
Refreshing native plugins compatible for Editor in 0.52 ms, found 2 plugins.
Preloading 0 native plugins for Editor in 0.00 ms.
Mono: successfully reloaded assembly
- Completed reload, in  0.826 seconds
Domain Reload Profiling:
	ReloadAssembly (826ms)
		BeginReloadAssembly (95ms)
			ExecutionOrderSort (0ms)
			DisableScriptedObjects (3ms)
			BackupInstance (0ms)
			ReleaseScriptingObjects (0ms)
			CreateAndSetChildDomain (32ms)
		EndReloadAssembly (682ms)
			LoadAssemblies (71ms)
			RebuildTransferFunctionScriptingTraits (0ms)
			SetupTypeCache (241ms)
			ReleaseScriptCaches (1ms)
			RebuildScriptCaches (35ms)
			SetupLoadedEditorAssemblies (258ms)
				LogAssemblyErrors (0ms)
				InitializePlatformSupportModulesInManaged (4ms)
				SetLoadedEditorAssemblies (0ms)
				RefreshPlugins (1ms)
				BeforeProcessingInitializeOnLoad (60ms)
				ProcessInitializeOnLoadAttributes (183ms)
				ProcessInitializeOnLoadMethodAttributes (7ms)
				AfterProcessingInitializeOnLoad (2ms)
				EditorAssembliesLoaded (0ms)
			ExecutionOrderSort2 (0ms)
			AwakeInstancesAfterBackupRestoration (5ms)
Platform modules already initialized, skipping
Refreshing native plugins compatible for Editor in 0.49 ms, found 2 plugins.
Preloading 0 native plugins for Editor in 0.00 ms.
Unloading 1644 Unused Serialized files (Serialized files now loaded: 0)
System memory in use before: 80.4 MB.
System memory in use after: 80.5 MB.

Unloading 15 unused Assets to reduce memory usage. Loaded Objects now: 2140.
Total: 3.426300 ms (FindLiveObjects: 0.180500 ms CreateObjectMapping: 0.039700 ms MarkObjects: 3.180700 ms  DeleteObjects: 0.023700 ms)

AssetImportParameters requested are different than current active one (requested -> active):
  custom:framework-win-MediaFoundation: 216162199b28c13a410421893ffa2e32 -> 
  custom:video-decoder-ogg-theora: a1e56fd34408186e4bbccfd4996cb3dc -> 
  custom:container-muxer-webm: aa71ff27fc2769a1b78a27578f13a17b -> 
  custom:container-demuxer-webm: 4f35f7cbe854078d1ac9338744f61a02 -> 
  custom:container-demuxer-ogg: 62fdf1f143b41e24485cea50d1cbac27 -> 
  custom:video-encoder-webm-vp8: eb34c28f22e8b96e1ab97ce403110664 -> 
  custom:video-codec-MediaFoundation-h265: 746d11721c4dcdbdad8f713fa42b33f4 -> 
  custom:video-decoder-webm-vp8: 9c59270c3fd7afecdb556c50c9e8de78 -> 
  custom:audio-decoder-ogg-vorbis: bf7c407c2cedff20999df2af8eb42d56 -> 
  custom:audio-encoder-webm-vorbis: bf7c407c2cedff20999df2af8eb42d56 -> 
========================================================================
Received Prepare
Registering precompiled user dll's ...
Registered in 0.002073 seconds.
Begin MonoManager ReloadAssembly
Native extension for WindowsStandalone target not found
Refreshing native plugins compatible for Editor in 0.50 ms, found 2 plugins.
Preloading 0 native plugins for Editor in 0.00 ms.
Mono: successfully reloaded assembly
- Completed reload, in  0.842 seconds
Domain Reload Profiling:
	ReloadAssembly (843ms)
		BeginReloadAssembly (87ms)
			ExecutionOrderSort (0ms)
			DisableScriptedObjects (4ms)
			BackupInstance (0ms)
			ReleaseScriptingObjects (0ms)
			CreateAndSetChildDomain (28ms)
		EndReloadAssembly (703ms)
			LoadAssemblies (67ms)
			RebuildTransferFunctionScriptingTraits (0ms)
			SetupTypeCache (241ms)
			ReleaseScriptCaches (1ms)
			RebuildScriptCaches (38ms)
			SetupLoadedEditorAssemblies (268ms)
				LogAssemblyErrors (0ms)
				InitializePlatformSupportModulesInManaged (4ms)
				SetLoadedEditorAssemblies (0ms)
				RefreshPlugins (1ms)
				BeforeProcessingInitializeOnLoad (62ms)
				ProcessInitializeOnLoadAttributes (191ms)
				ProcessInitializeOnLoadMethodAttributes (8ms)
				AfterProcessingInitializeOnLoad (2ms)
				EditorAssembliesLoaded (0ms)
			ExecutionOrderSort2 (0ms)
			AwakeInstancesAfterBackupRestoration (6ms)
Platform modules already initialized, skipping
Refreshing native plugins compatible for Editor in 0.49 ms, found 2 plugins.
Preloading 0 native plugins for Editor in 0.00 ms.
Unloading 1644 Unused Serialized files (Serialized files now loaded: 0)
System memory in use before: 80.4 MB.
System memory in use after: 80.5 MB.

Unloading 15 unused Assets to reduce memory usage. Loaded Objects now: 2142.
Total: 2.875700 ms (FindLiveObjects: 0.184200 ms CreateObjectMapping: 0.040100 ms MarkObjects: 2.627200 ms  DeleteObjects: 0.022900 ms)

AssetImportParameters requested are different than current active one (requested -> active):
  custom:framework-win-MediaFoundation: 216162199b28c13a410421893ffa2e32 -> 
  custom:video-decoder-ogg-theora: a1e56fd34408186e4bbccfd4996cb3dc -> 
  custom:container-muxer-webm: aa71ff27fc2769a1b78a27578f13a17b -> 
  custom:container-demuxer-webm: 4f35f7cbe854078d1ac9338744f61a02 -> 
  custom:container-demuxer-ogg: 62fdf1f143b41e24485cea50d1cbac27 -> 
  custom:video-encoder-webm-vp8: eb34c28f22e8b96e1ab97ce403110664 -> 
  custom:video-codec-MediaFoundation-h265: 746d11721c4dcdbdad8f713fa42b33f4 -> 
  custom:video-decoder-webm-vp8: 9c59270c3fd7afecdb556c50c9e8de78 -> 
  custom:audio-decoder-ogg-vorbis: bf7c407c2cedff20999df2af8eb42d56 -> 
  custom:audio-encoder-webm-vorbis: bf7c407c2cedff20999df2af8eb42d56 -> 
AssetImportWorkerClient::OnTransportError - code=2 error=End of file
